Rendering 25 Rmd files

--- Materi_ADW_Tingkat_Lanjut/Materi_ADWTL_S2_Statistika_Terapan_Jan2025.Rmd
OK: Materi_ADW_Tingkat_Lanjut/Materi_ADWTL_S2_Statistika_Terapan_Jan2025.html

--- Materi_Aktuaria_1/Materi_Pembelajaran_Matematika_Aktuaria_1.Rmd
OK: Materi_Aktuaria_1/Materi_Pembelajaran_Matematika_Aktuaria_1.html

--- Materi_Analisis_Image/Materi_Analisis_Image_fixed.Rmd
OK: Materi_Analisis_Image/Materi_Analisis_Image_fixed.html

--- Materi_Analisis_Multilevel_dan_Longitudinal/Materi_Analisis_Multilevel_dan_Longitudinal.Rmd
OK: Materi_Analisis_Multilevel_dan_Longitudinal/Materi_Analisis_Multilevel_dan_Longitudinal.html

--- Materi_Analisis_Multivariat_Tingkat_Lanjut/Materi_Analisis_Multivariat_Tingkat_Lanjut_S2StatTerapan_Unpad.Rmd
OK: Materi_Analisis_Multivariat_Tingkat_Lanjut/Materi_Analisis_Multivariat_Tingkat_Lanjut_S2StatTerapan_Unpad.html

--- Materi_Analisis_Regresi_Tingkat_Lanjut/Materi_Analisis_Regresi_Tingkat_Lanjut_S2_Statistika_Terapan.Rmd
OK: Materi_Analisis_Regresi_Tingkat_Lanjut/Materi_Analisis_Regresi_Tingkat_Lanjut_S2_Statistika_Terapan.html

--- Materi_Analisis_Spasial/Materi_Analisis_Spasial.Rmd
OK: Materi_Analisis_Spasial/Materi_Analisis_Spasial.html

--- Materi_Analisis_Survival/Materi_Analisis_Survival_S2_Statistika_Terapan_Jan2025.Rmd
OK: Materi_Analisis_Survival/Materi_Analisis_Survival_S2_Statistika_Terapan_Jan2025.html

--- Materi_Analisis_Teks/Materi_Analisis_Teks_S2_Statistika_Terapan.Rmd
OK: Materi_Analisis_Teks/Materi_Analisis_Teks_S2_Statistika_Terapan.html

--- Materi_Basis_Data/Materi_Pembelajaran_Basis_Data_S2_Statistika_Terapan_UNPAD_Jan2025.Rmd
OK: Materi_Basis_Data/Materi_Pembelajaran_Basis_Data_S2_Statistika_Terapan_UNPAD_Jan2025.html

--- Materi_Desain_Eksperimen/Materi_Desain_Eksperimen_S2_Statistika_Terapan_UNPAD.Rmd
OK: Materi_Desain_Eksperimen/Materi_Desain_Eksperimen_S2_Statistika_Terapan_UNPAD.html

--- Materi_Epidemiologi/Materi_Pembelajaran_Epidemiologi_S2_Statistika_Terapan.Rmd
OK: Materi_Epidemiologi/Materi_Pembelajaran_Epidemiologi_S2_Statistika_Terapan.html

--- Materi_Komputasi_Statistik_dan_Optimasi/Materi_Komputasi_Statistik_dan_Optimasi_S2_Unpad.Rmd
OK: Materi_Komputasi_Statistik_dan_Optimasi/Materi_Komputasi_Statistik_dan_Optimasi_S2_Unpad.html

--- Materi_Matematika_Aktuaria_2/Materi_Matematika_Aktuaria_2_RPS_OBE_2025.Rmd
OK: Materi_Matematika_Aktuaria_2/Materi_Matematika_Aktuaria_2_RPS_OBE_2025.html

--- Materi_Matematika_Keuangan/Materi_Matematika_Keuangan_S2_Statistika_Terapan_UNPAD.Rmd
OK: Materi_Matematika_Keuangan/Materi_Matematika_Keuangan_S2_Statistika_Terapan_UNPAD.html

--- Materi_Model_Linear_Generalisasi/Model_Linear_Generalisasi_Materi.Rmd
OK: Materi_Model_Linear_Generalisasi/Model_Linear_Generalisasi_Materi.html

--- Materi_Pembelajaran_Mesin/Materi_Pembelajaran_Mesin_S2_Statistika_Terapan_UNPAD.Rmd
OK: Materi_Pembelajaran_Mesin/Materi_Pembelajaran_Mesin_S2_Statistika_Terapan_UNPAD.html

--- Materi_Penambangan_Data_Kecerdasan_Buatan/Materi_Penambangan_Data_Kecerdasan_Buatan_S2_Statistika_Terapan.Rmd
OK: Materi_Penambangan_Data_Kecerdasan_Buatan/Materi_Penambangan_Data_Kecerdasan_Buatan_S2_Statistika_Terapan.html

--- Materi_Proses_Stokastik_Tingkat_Lanjut/Materi_Proses_Stokastik_Tingkat_Lanjut_S2StatTerapan_UNPAD_2025.Rmd
OK: Materi_Proses_Stokastik_Tingkat_Lanjut/Materi_Proses_Stokastik_Tingkat_Lanjut_S2StatTerapan_UNPAD_2025.html

--- Materi_SEM/Materi_Pemodelan_Persamaan_Struktural_SEM_S2_Statistika_Terapan.Rmd
OK: Materi_SEM/Materi_Pemodelan_Persamaan_Struktural_SEM_S2_Statistika_Terapan.html

--- Materi_Sampling_Survey/Materi_Pembelajaran_Sampling_Survey_S2_Statistika_Terapan.Rmd
OK: Materi_Sampling_Survey/Materi_Pembelajaran_Sampling_Survey_S2_Statistika_Terapan.html

--- Materi_Statistika_Inferensial/Materi_Statistika_Inferensial_S2_Unpad.Rmd
OK: Materi_Statistika_Inferensial/Materi_Statistika_Inferensial_S2_Unpad.html

--- Materi_Statistika_Nonparametrik_Pemodelan_Fleksibel/Materi_Statistika_Nonparametrik_Pemodelan_Fleksibel.Rmd
OK: Materi_Statistika_Nonparametrik_Pemodelan_Fleksibel/Materi_Statistika_Nonparametrik_Pemodelan_Fleksibel.html

--- Materi_Teori_Antrian/Materi_Teori_Antrian_S2_Statistika_Terapan_Januari_2025.Rmd
OK: Materi_Teori_Antrian/Materi_Teori_Antrian_S2_Statistika_Terapan_Januari_2025.html

--- Materi_Teori_Risiko/Teori_Risiko_Materi_Pembelajaran_S2_Statistika_Terapan.Rmd
OK: Materi_Teori_Risiko/Teori_Risiko_Materi_Pembelajaran_S2_Statistika_Terapan.html

Summary
OK: 25
FAILED: 0
